{
"/home/yl/workspace/ng2-input-autocomplete/dist/dev/app/system-config.js":{"path":"/home/yl/workspace/ng2-input-autocomplete/dist/dev/app/system-config.js","s":{"1":1},"b":{},"f":{},"fnMap":{},"statementMap":{"1":{"start":{"line":1,"column":0},"end":{"line":1,"column":1505}}},"branchMap":{},"l":{"1":1}},
"/home/yl/workspace/ng2-input-autocomplete/dist/dev/app/home/home.component.js":{"path":"/home/yl/workspace/ng2-input-autocomplete/dist/dev/app/home/home.component.js","s":{"1":1,"2":1,"3":1,"4":0,"5":1,"6":2,"7":2,"8":1,"9":1,"10":1,"11":1,"12":1,"13":1,"14":1,"15":1,"16":3,"17":3,"18":3,"19":3,"20":3,"21":3,"22":3,"23":3,"24":1,"25":0,"26":1,"27":0,"28":1,"29":0,"30":0,"31":0,"32":0,"33":1,"34":1,"35":1},"b":{"1":[1,1,1],"2":[1,0],"3":[0,0],"4":[0,1],"5":[1,1],"6":[2,0],"7":[2,1],"8":[2,0],"9":[0,0],"10":[1,0,0],"11":[1,1,1],"12":[1,0],"13":[1,1]},"f":{"1":1,"2":1,"3":1,"4":3,"5":0,"6":0,"7":0,"8":0,"9":0},"fnMap":{"1":{"name":"(anonymous_1)","line":2,"loc":{"start":{"line":2,"column":46},"end":{"line":2,"column":87}}},"2":{"name":"(anonymous_2)","line":8,"loc":{"start":{"line":8,"column":46},"end":{"line":8,"column":62}}},"3":{"name":"(anonymous_3)","line":13,"loc":{"start":{"line":13,"column":21},"end":{"line":13,"column":33}}},"4":{"name":"HomeComponent","line":14,"loc":{"start":{"line":14,"column":4},"end":{"line":14,"column":36}}},"5":{"name":"(anonymous_5)","line":31,"loc":{"start":{"line":31,"column":39},"end":{"line":31,"column":55}}},"6":{"name":"(anonymous_6)","line":34,"loc":{"start":{"line":34,"column":50},"end":{"line":34,"column":65}}},"7":{"name":"(anonymous_7)","line":37,"loc":{"start":{"line":37,"column":37},"end":{"line":37,"column":53}}},"8":{"name":"(anonymous_8)","line":39,"loc":{"start":{"line":39,"column":44},"end":{"line":39,"column":57}}},"9":{"name":"(anonymous_9)","line":39,"loc":{"start":{"line":39,"column":90},"end":{"line":39,"column":107}}}},"statementMap":{"1":{"start":{"line":2,"column":0},"end":{"line":7,"column":2}},"2":{"start":{"line":3,"column":4},"end":{"line":3,"column":129}},"3":{"start":{"line":4,"column":4},"end":{"line":5,"column":150}},"4":{"start":{"line":4,"column":79},"end":{"line":4,"column":131}},"5":{"start":{"line":5,"column":9},"end":{"line":5,"column":150}},"6":{"start":{"line":5,"column":58},"end":{"line":5,"column":150}},"7":{"start":{"line":5,"column":81},"end":{"line":5,"column":150}},"8":{"start":{"line":6,"column":4},"end":{"line":6,"column":66}},"9":{"start":{"line":8,"column":0},"end":{"line":10,"column":2}},"10":{"start":{"line":9,"column":4},"end":{"line":9,"column":109}},"11":{"start":{"line":9,"column":79},"end":{"line":9,"column":109}},"12":{"start":{"line":11,"column":0},"end":{"line":11,"column":38}},"13":{"start":{"line":12,"column":0},"end":{"line":12,"column":65}},"14":{"start":{"line":13,"column":0},"end":{"line":51,"column":5}},"15":{"start":{"line":14,"column":4},"end":{"line":30,"column":5}},"16":{"start":{"line":15,"column":8},"end":{"line":15,"column":31}},"17":{"start":{"line":16,"column":8},"end":{"line":16,"column":35}},"18":{"start":{"line":17,"column":8},"end":{"line":17,"column":31}},"19":{"start":{"line":18,"column":8},"end":{"line":18,"column":31}},"20":{"start":{"line":19,"column":8},"end":{"line":19,"column":28}},"21":{"start":{"line":20,"column":8},"end":{"line":20,"column":33}},"22":{"start":{"line":21,"column":8},"end":{"line":28,"column":10}},"23":{"start":{"line":29,"column":8},"end":{"line":29,"column":86}},"24":{"start":{"line":31,"column":4},"end":{"line":33,"column":6}},"25":{"start":{"line":32,"column":8},"end":{"line":32,"column":33}},"26":{"start":{"line":34,"column":4},"end":{"line":36,"column":6}},"27":{"start":{"line":35,"column":8},"end":{"line":35,"column":32}},"28":{"start":{"line":37,"column":4},"end":{"line":40,"column":6}},"29":{"start":{"line":38,"column":8},"end":{"line":38,"column":25}},"30":{"start":{"line":39,"column":8},"end":{"line":39,"column":139}},"31":{"start":{"line":39,"column":59},"end":{"line":39,"column":86}},"32":{"start":{"line":39,"column":109},"end":{"line":39,"column":135}},"33":{"start":{"line":41,"column":4},"end":{"line":49,"column":22}},"34":{"start":{"line":50,"column":4},"end":{"line":50,"column":25}},"35":{"start":{"line":52,"column":0},"end":{"line":52,"column":38}}},"branchMap":{"1":{"line":2,"type":"binary-expr","locations":[{"start":{"line":2,"column":18},"end":{"line":2,"column":22}},{"start":{"line":2,"column":26},"end":{"line":2,"column":41}},{"start":{"line":2,"column":46},"end":{"line":7,"column":1}}]},"2":{"line":3,"type":"cond-expr","locations":[{"start":{"line":3,"column":42},"end":{"line":3,"column":48}},{"start":{"line":3,"column":51},"end":{"line":3,"column":125}}]},"3":{"line":3,"type":"cond-expr","locations":[{"start":{"line":3,"column":67},"end":{"line":3,"column":118}},{"start":{"line":3,"column":121},"end":{"line":3,"column":125}}]},"4":{"line":4,"type":"if","locations":[{"start":{"line":4,"column":4},"end":{"line":4,"column":4}},{"start":{"line":4,"column":4},"end":{"line":4,"column":4}}]},"5":{"line":4,"type":"binary-expr","locations":[{"start":{"line":4,"column":8},"end":{"line":4,"column":35}},{"start":{"line":4,"column":39},"end":{"line":4,"column":77}}]},"6":{"line":5,"type":"if","locations":[{"start":{"line":5,"column":58},"end":{"line":5,"column":58}},{"start":{"line":5,"column":58},"end":{"line":5,"column":58}}]},"7":{"line":5,"type":"binary-expr","locations":[{"start":{"line":5,"column":86},"end":{"line":5,"column":143}},{"start":{"line":5,"column":148},"end":{"line":5,"column":149}}]},"8":{"line":5,"type":"cond-expr","locations":[{"start":{"line":5,"column":94},"end":{"line":5,"column":98}},{"start":{"line":5,"column":101},"end":{"line":5,"column":143}}]},"9":{"line":5,"type":"cond-expr","locations":[{"start":{"line":5,"column":109},"end":{"line":5,"column":126}},{"start":{"line":5,"column":129},"end":{"line":5,"column":143}}]},"10":{"line":6,"type":"binary-expr","locations":[{"start":{"line":6,"column":11},"end":{"line":6,"column":16}},{"start":{"line":6,"column":20},"end":{"line":6,"column":21}},{"start":{"line":6,"column":25},"end":{"line":6,"column":62}}]},"11":{"line":8,"type":"binary-expr","locations":[{"start":{"line":8,"column":18},"end":{"line":8,"column":22}},{"start":{"line":8,"column":26},"end":{"line":8,"column":41}},{"start":{"line":8,"column":46},"end":{"line":10,"column":1}}]},"12":{"line":9,"type":"if","locations":[{"start":{"line":9,"column":4},"end":{"line":9,"column":4}},{"start":{"line":9,"column":4},"end":{"line":9,"column":4}}]},"13":{"line":9,"type":"binary-expr","locations":[{"start":{"line":9,"column":8},"end":{"line":9,"column":35}},{"start":{"line":9,"column":39},"end":{"line":9,"column":77}}]}},"l":{"2":1,"3":1,"4":1,"5":2,"6":1,"8":1,"9":1,"11":1,"12":1,"13":1,"14":1,"15":3,"16":3,"17":3,"18":3,"19":3,"20":3,"21":3,"29":3,"31":1,"32":0,"34":1,"35":0,"37":1,"38":0,"39":0,"41":1,"50":1,"52":1}},
"/home/yl/workspace/ng2-input-autocomplete/dist/dev/app/shared/wikipedia.service.js":{"path":"/home/yl/workspace/ng2-input-autocomplete/dist/dev/app/shared/wikipedia.service.js","s":{"1":1,"2":1,"3":1,"4":0,"5":1,"6":2,"7":2,"8":1,"9":1,"10":1,"11":1,"12":1,"13":1,"14":1,"15":1,"16":1,"17":3,"18":1,"19":0,"20":0,"21":0,"22":0,"23":0,"24":0,"25":0,"26":0,"27":1,"28":1,"29":1},"b":{"1":[1,1,1],"2":[1,0],"3":[0,0],"4":[0,1],"5":[1,1],"6":[2,0],"7":[2,1],"8":[2,0],"9":[0,0],"10":[1,0,0],"11":[1,1,1],"12":[1,0],"13":[1,1]},"f":{"1":1,"2":1,"3":1,"4":3,"5":0,"6":0},"fnMap":{"1":{"name":"(anonymous_1)","line":2,"loc":{"start":{"line":2,"column":46},"end":{"line":2,"column":87}}},"2":{"name":"(anonymous_2)","line":8,"loc":{"start":{"line":8,"column":46},"end":{"line":8,"column":62}}},"3":{"name":"(anonymous_3)","line":14,"loc":{"start":{"line":14,"column":24},"end":{"line":14,"column":36}}},"4":{"name":"WikipediaService","line":15,"loc":{"start":{"line":15,"column":4},"end":{"line":15,"column":37}}},"5":{"name":"(anonymous_5)","line":18,"loc":{"start":{"line":18,"column":40},"end":{"line":18,"column":56}}},"6":{"name":"(anonymous_6)","line":27,"loc":{"start":{"line":27,"column":17},"end":{"line":27,"column":37}}}},"statementMap":{"1":{"start":{"line":2,"column":0},"end":{"line":7,"column":2}},"2":{"start":{"line":3,"column":4},"end":{"line":3,"column":129}},"3":{"start":{"line":4,"column":4},"end":{"line":5,"column":150}},"4":{"start":{"line":4,"column":79},"end":{"line":4,"column":131}},"5":{"start":{"line":5,"column":9},"end":{"line":5,"column":150}},"6":{"start":{"line":5,"column":58},"end":{"line":5,"column":150}},"7":{"start":{"line":5,"column":81},"end":{"line":5,"column":150}},"8":{"start":{"line":6,"column":4},"end":{"line":6,"column":66}},"9":{"start":{"line":8,"column":0},"end":{"line":10,"column":2}},"10":{"start":{"line":9,"column":4},"end":{"line":9,"column":109}},"11":{"start":{"line":9,"column":79},"end":{"line":9,"column":109}},"12":{"start":{"line":11,"column":0},"end":{"line":11,"column":38}},"13":{"start":{"line":12,"column":0},"end":{"line":12,"column":38}},"14":{"start":{"line":13,"column":0},"end":{"line":13,"column":33}},"15":{"start":{"line":14,"column":0},"end":{"line":34,"column":5}},"16":{"start":{"line":15,"column":4},"end":{"line":17,"column":5}},"17":{"start":{"line":16,"column":8},"end":{"line":16,"column":27}},"18":{"start":{"line":18,"column":4},"end":{"line":28,"column":6}},"19":{"start":{"line":19,"column":8},"end":{"line":19,"column":59}},"20":{"start":{"line":20,"column":8},"end":{"line":20,"column":50}},"21":{"start":{"line":21,"column":8},"end":{"line":21,"column":35}},"22":{"start":{"line":22,"column":8},"end":{"line":22,"column":43}},"23":{"start":{"line":23,"column":8},"end":{"line":23,"column":37}},"24":{"start":{"line":24,"column":8},"end":{"line":24,"column":49}},"25":{"start":{"line":25,"column":8},"end":{"line":27,"column":69}},"26":{"start":{"line":27,"column":39},"end":{"line":27,"column":65}},"27":{"start":{"line":29,"column":4},"end":{"line":32,"column":25}},"28":{"start":{"line":33,"column":4},"end":{"line":33,"column":28}},"29":{"start":{"line":35,"column":0},"end":{"line":35,"column":44}}},"branchMap":{"1":{"line":2,"type":"binary-expr","locations":[{"start":{"line":2,"column":18},"end":{"line":2,"column":22}},{"start":{"line":2,"column":26},"end":{"line":2,"column":41}},{"start":{"line":2,"column":46},"end":{"line":7,"column":1}}]},"2":{"line":3,"type":"cond-expr","locations":[{"start":{"line":3,"column":42},"end":{"line":3,"column":48}},{"start":{"line":3,"column":51},"end":{"line":3,"column":125}}]},"3":{"line":3,"type":"cond-expr","locations":[{"start":{"line":3,"column":67},"end":{"line":3,"column":118}},{"start":{"line":3,"column":121},"end":{"line":3,"column":125}}]},"4":{"line":4,"type":"if","locations":[{"start":{"line":4,"column":4},"end":{"line":4,"column":4}},{"start":{"line":4,"column":4},"end":{"line":4,"column":4}}]},"5":{"line":4,"type":"binary-expr","locations":[{"start":{"line":4,"column":8},"end":{"line":4,"column":35}},{"start":{"line":4,"column":39},"end":{"line":4,"column":77}}]},"6":{"line":5,"type":"if","locations":[{"start":{"line":5,"column":58},"end":{"line":5,"column":58}},{"start":{"line":5,"column":58},"end":{"line":5,"column":58}}]},"7":{"line":5,"type":"binary-expr","locations":[{"start":{"line":5,"column":86},"end":{"line":5,"column":143}},{"start":{"line":5,"column":148},"end":{"line":5,"column":149}}]},"8":{"line":5,"type":"cond-expr","locations":[{"start":{"line":5,"column":94},"end":{"line":5,"column":98}},{"start":{"line":5,"column":101},"end":{"line":5,"column":143}}]},"9":{"line":5,"type":"cond-expr","locations":[{"start":{"line":5,"column":109},"end":{"line":5,"column":126}},{"start":{"line":5,"column":129},"end":{"line":5,"column":143}}]},"10":{"line":6,"type":"binary-expr","locations":[{"start":{"line":6,"column":11},"end":{"line":6,"column":16}},{"start":{"line":6,"column":20},"end":{"line":6,"column":21}},{"start":{"line":6,"column":25},"end":{"line":6,"column":62}}]},"11":{"line":8,"type":"binary-expr","locations":[{"start":{"line":8,"column":18},"end":{"line":8,"column":22}},{"start":{"line":8,"column":26},"end":{"line":8,"column":41}},{"start":{"line":8,"column":46},"end":{"line":10,"column":1}}]},"12":{"line":9,"type":"if","locations":[{"start":{"line":9,"column":4},"end":{"line":9,"column":4}},{"start":{"line":9,"column":4},"end":{"line":9,"column":4}}]},"13":{"line":9,"type":"binary-expr","locations":[{"start":{"line":9,"column":8},"end":{"line":9,"column":35}},{"start":{"line":9,"column":39},"end":{"line":9,"column":77}}]}},"l":{"2":1,"3":1,"4":1,"5":2,"6":1,"8":1,"9":1,"11":1,"12":1,"13":1,"14":1,"15":1,"16":3,"18":1,"19":0,"20":0,"21":0,"22":0,"23":0,"24":0,"25":0,"27":0,"29":1,"33":1,"35":1}},
"/home/yl/workspace/ng2-input-autocomplete/dist/dev/app/library/ng2-input-autocomplete.js":{"path":"/home/yl/workspace/ng2-input-autocomplete/dist/dev/app/library/ng2-input-autocomplete.js","s":{"1":1,"2":14,"3":14,"4":0,"5":14,"6":31,"7":31,"8":14,"9":1,"10":16,"11":16,"12":1,"13":1,"14":1,"15":1,"16":1,"17":0,"18":0,"19":0,"20":0,"21":0,"22":0,"23":1,"24":0,"25":0,"26":0,"27":0,"28":0,"29":0,"30":0,"31":0,"32":0,"33":1,"34":0,"35":1,"36":0,"37":0,"38":0,"39":0,"40":0,"41":0,"42":0,"43":0,"44":0,"45":0,"46":0,"47":0,"48":0,"49":0,"50":0,"51":1,"52":0,"53":0,"54":0,"55":1,"56":0,"57":0,"58":0,"59":0,"60":0,"61":0,"62":1,"63":0,"64":0,"65":0,"66":0,"67":0,"68":0,"69":0,"70":0,"71":0,"72":0,"73":1,"74":0,"75":1,"76":0,"77":0,"78":0,"79":0,"80":1,"81":0,"82":0,"83":0,"84":0,"85":0,"86":0,"87":0,"88":0,"89":0,"90":0,"91":0,"92":0,"93":0,"94":1,"95":1,"96":1,"97":1,"98":1,"99":1,"100":1,"101":1,"102":1,"103":9,"104":9,"105":9,"106":9,"107":9,"108":9,"109":9,"110":0,"111":0,"112":0,"113":0,"114":0,"115":0,"116":0,"117":9,"118":0,"119":0,"120":0,"121":0,"122":0,"123":0,"124":9,"125":0,"126":0,"127":0,"128":0,"129":0,"130":0,"131":0,"132":0,"133":9,"134":1,"135":9,"136":1,"137":6,"138":0,"139":0,"140":6,"141":1,"142":9,"143":0,"144":0,"145":0,"146":1,"147":0,"148":0,"149":1,"150":9,"151":9,"152":9,"153":9,"154":9,"155":9,"156":1,"157":0,"158":0,"159":0,"160":0,"161":0,"162":0,"163":0,"164":0,"165":0,"166":0,"167":0,"168":0,"169":0,"170":0,"171":0,"172":0,"173":0,"174":0,"175":0,"176":0,"177":0,"178":0,"179":0,"180":0,"181":0,"182":1,"183":1,"184":1,"185":1,"186":1,"187":1,"188":1,"189":1,"190":1,"191":1,"192":1,"193":1,"194":1,"195":3,"196":1,"197":1,"198":1},"b":{"1":[1,1,1],"2":[3,11],"3":[1,10],"4":[0,14],"5":[14,14],"6":[31,0],"7":[31,28],"8":[6,25],"9":[25,0],"10":[14,11,1],"11":[1,1,1],"12":[16,0],"13":[16,16],"14":[0,0],"15":[0,0],"16":[0,0],"17":[0,0,0,0,0],"18":[0,0],"19":[0,0],"20":[0,0],"21":[0,0],"22":[0,0],"23":[0,0,0,0],"24":[0,0],"25":[0,0],"26":[0,0],"27":[0,0,0],"28":[0,0],"29":[0,0],"30":[0,0],"31":[0,0,0,0],"32":[0,0],"33":[0,0],"34":[0,0],"35":[0,0,0],"36":[0,0],"37":[0,0],"38":[0,0],"39":[0,0],"40":[0,6],"41":[0,9],"42":[9,9],"43":[0,0],"44":[0,0],"45":[0,0]},"f":{"1":14,"2":16,"3":1,"4":0,"5":0,"6":0,"7":0,"8":0,"9":0,"10":0,"11":0,"12":0,"13":0,"14":0,"15":0,"16":0,"17":0,"18":1,"19":9,"20":0,"21":0,"22":0,"23":9,"24":6,"25":9,"26":0,"27":9,"28":0,"29":1,"30":3,"31":3},"fnMap":{"1":{"name":"(anonymous_1)","line":2,"loc":{"start":{"line":2,"column":46},"end":{"line":2,"column":87}}},"2":{"name":"(anonymous_2)","line":8,"loc":{"start":{"line":8,"column":46},"end":{"line":8,"column":62}}},"3":{"name":"(anonymous_3)","line":14,"loc":{"start":{"line":14,"column":29},"end":{"line":14,"column":41}}},"4":{"name":"AutocompleteComponent","line":15,"loc":{"start":{"line":15,"column":4},"end":{"line":15,"column":47}}},"5":{"name":"(anonymous_5)","line":23,"loc":{"start":{"line":23,"column":47},"end":{"line":23,"column":59}}},"6":{"name":"(anonymous_6)","line":37,"loc":{"start":{"line":37,"column":50},"end":{"line":37,"column":62}}},"7":{"name":"(anonymous_7)","line":40,"loc":{"start":{"line":40,"column":48},"end":{"line":40,"column":65}}},"8":{"name":"(anonymous_8)","line":64,"loc":{"start":{"line":64,"column":47},"end":{"line":64,"column":62}}},"9":{"name":"(anonymous_9)","line":69,"loc":{"start":{"line":69,"column":50},"end":{"line":69,"column":68}}},"10":{"name":"(anonymous_10)","line":73,"loc":{"start":{"line":73,"column":48},"end":{"line":73,"column":64}}},"11":{"name":"(anonymous_11)","line":79,"loc":{"start":{"line":79,"column":52},"end":{"line":79,"column":76}}},"12":{"name":"(anonymous_12)","line":85,"loc":{"start":{"line":85,"column":25},"end":{"line":85,"column":44}}},"13":{"name":"(anonymous_13)","line":100,"loc":{"start":{"line":100,"column":45},"end":{"line":100,"column":63}}},"14":{"name":"(anonymous_14)","line":103,"loc":{"start":{"line":103,"column":50},"end":{"line":103,"column":62}}},"15":{"name":"(anonymous_15)","line":106,"loc":{"start":{"line":106,"column":51},"end":{"line":106,"column":64}}},"16":{"name":"(anonymous_16)","line":108,"loc":{"start":{"line":108,"column":49},"end":{"line":108,"column":79}}},"17":{"name":"(anonymous_17)","line":118,"loc":{"start":{"line":118,"column":25},"end":{"line":118,"column":44}}},"18":{"name":"(anonymous_18)","line":162,"loc":{"start":{"line":162,"column":29},"end":{"line":162,"column":41}}},"19":{"name":"AutocompleteDirective","line":163,"loc":{"start":{"line":163,"column":4},"end":{"line":163,"column":63}}},"20":{"name":"(anonymous_20)","line":170,"loc":{"start":{"line":170,"column":32},"end":{"line":170,"column":49}}},"21":{"name":"(anonymous_21)","line":182,"loc":{"start":{"line":182,"column":30},"end":{"line":182,"column":45}}},"22":{"name":"(anonymous_22)","line":191,"loc":{"start":{"line":191,"column":24},"end":{"line":191,"column":40}}},"23":{"name":"(anonymous_23)","line":205,"loc":{"start":{"line":205,"column":47},"end":{"line":205,"column":59}}},"24":{"name":"(anonymous_24)","line":208,"loc":{"start":{"line":208,"column":50},"end":{"line":208,"column":62}}},"25":{"name":"(anonymous_25)","line":215,"loc":{"start":{"line":215,"column":50},"end":{"line":215,"column":69}}},"26":{"name":"(anonymous_26)","line":222,"loc":{"start":{"line":222,"column":55},"end":{"line":222,"column":67}}},"27":{"name":"(anonymous_27)","line":226,"loc":{"start":{"line":226,"column":48},"end":{"line":226,"column":60}}},"28":{"name":"(anonymous_28)","line":234,"loc":{"start":{"line":234,"column":57},"end":{"line":234,"column":69}}},"29":{"name":"(anonymous_29)","line":303,"loc":{"start":{"line":303,"column":26},"end":{"line":303,"column":38}}},"30":{"name":"AutocompleteModule","line":304,"loc":{"start":{"line":304,"column":4},"end":{"line":304,"column":34}}},"31":{"name":"(anonymous_31)","line":306,"loc":{"start":{"line":306,"column":33},"end":{"line":306,"column":45}}}},"statementMap":{"1":{"start":{"line":2,"column":0},"end":{"line":7,"column":2}},"2":{"start":{"line":3,"column":4},"end":{"line":3,"column":129}},"3":{"start":{"line":4,"column":4},"end":{"line":5,"column":150}},"4":{"start":{"line":4,"column":79},"end":{"line":4,"column":131}},"5":{"start":{"line":5,"column":9},"end":{"line":5,"column":150}},"6":{"start":{"line":5,"column":58},"end":{"line":5,"column":150}},"7":{"start":{"line":5,"column":81},"end":{"line":5,"column":150}},"8":{"start":{"line":6,"column":4},"end":{"line":6,"column":66}},"9":{"start":{"line":8,"column":0},"end":{"line":10,"column":2}},"10":{"start":{"line":9,"column":4},"end":{"line":9,"column":109}},"11":{"start":{"line":9,"column":79},"end":{"line":9,"column":109}},"12":{"start":{"line":11,"column":0},"end":{"line":11,"column":38}},"13":{"start":{"line":12,"column":0},"end":{"line":12,"column":42}},"14":{"start":{"line":13,"column":0},"end":{"line":13,"column":40}},"15":{"start":{"line":14,"column":0},"end":{"line":160,"column":5}},"16":{"start":{"line":15,"column":4},"end":{"line":22,"column":5}},"17":{"start":{"line":16,"column":8},"end":{"line":16,"column":53}},"18":{"start":{"line":17,"column":8},"end":{"line":17,"column":59}},"19":{"start":{"line":18,"column":8},"end":{"line":18,"column":52}},"20":{"start":{"line":19,"column":8},"end":{"line":19,"column":31}},"21":{"start":{"line":20,"column":8},"end":{"line":20,"column":38}},"22":{"start":{"line":21,"column":8},"end":{"line":21,"column":24}},"23":{"start":{"line":23,"column":4},"end":{"line":36,"column":6}},"24":{"start":{"line":24,"column":8},"end":{"line":24,"column":42}},"25":{"start":{"line":25,"column":8},"end":{"line":25,"column":70}},"26":{"start":{"line":26,"column":8},"end":{"line":33,"column":9}},"27":{"start":{"line":27,"column":12},"end":{"line":29,"column":13}},"28":{"start":{"line":28,"column":16},"end":{"line":28,"column":59}},"29":{"start":{"line":30,"column":12},"end":{"line":32,"column":13}},"30":{"start":{"line":31,"column":16},"end":{"line":31,"column":59}},"31":{"start":{"line":34,"column":8},"end":{"line":34,"column":37}},"32":{"start":{"line":35,"column":8},"end":{"line":35,"column":34}},"33":{"start":{"line":37,"column":4},"end":{"line":39,"column":6}},"34":{"start":{"line":38,"column":8},"end":{"line":38,"column":37}},"35":{"start":{"line":40,"column":4},"end":{"line":63,"column":6}},"36":{"start":{"line":41,"column":8},"end":{"line":41,"column":43}},"37":{"start":{"line":42,"column":8},"end":{"line":62,"column":9}},"38":{"start":{"line":44,"column":16},"end":{"line":44,"column":46}},"39":{"start":{"line":45,"column":16},"end":{"line":45,"column":22}},"40":{"start":{"line":47,"column":16},"end":{"line":47,"column":78}},"41":{"start":{"line":48,"column":16},"end":{"line":48,"column":22}},"42":{"start":{"line":50,"column":16},"end":{"line":50,"column":78}},"43":{"start":{"line":51,"column":16},"end":{"line":51,"column":22}},"44":{"start":{"line":53,"column":16},"end":{"line":55,"column":17}},"45":{"start":{"line":54,"column":20},"end":{"line":54,"column":54}},"46":{"start":{"line":56,"column":16},"end":{"line":56,"column":39}},"47":{"start":{"line":57,"column":16},"end":{"line":57,"column":22}},"48":{"start":{"line":59,"column":16},"end":{"line":59,"column":48}},"49":{"start":{"line":60,"column":16},"end":{"line":60,"column":56}},"50":{"start":{"line":61,"column":16},"end":{"line":61,"column":22}},"51":{"start":{"line":64,"column":4},"end":{"line":68,"column":6}},"52":{"start":{"line":65,"column":8},"end":{"line":65,"column":38}},"53":{"start":{"line":66,"column":8},"end":{"line":66,"column":47}},"54":{"start":{"line":67,"column":8},"end":{"line":67,"column":52}},"55":{"start":{"line":69,"column":4},"end":{"line":78,"column":6}},"56":{"start":{"line":70,"column":8},"end":{"line":70,"column":37}},"57":{"start":{"line":71,"column":8},"end":{"line":71,"column":41}},"58":{"start":{"line":72,"column":8},"end":{"line":77,"column":9}},"59":{"start":{"line":73,"column":12},"end":{"line":75,"column":15}},"60":{"start":{"line":74,"column":16},"end":{"line":74,"column":55}},"61":{"start":{"line":76,"column":12},"end":{"line":76,"column":31}},"62":{"start":{"line":79,"column":4},"end":{"line":99,"column":6}},"63":{"start":{"line":80,"column":8},"end":{"line":82,"column":9}},"64":{"start":{"line":81,"column":12},"end":{"line":81,"column":26}},"65":{"start":{"line":83,"column":8},"end":{"line":98,"column":9}},"66":{"start":{"line":84,"column":12},"end":{"line":84,"column":34}},"67":{"start":{"line":85,"column":12},"end":{"line":93,"column":15}},"68":{"start":{"line":86,"column":16},"end":{"line":92,"column":17}},"69":{"start":{"line":88,"column":20},"end":{"line":88,"column":49}},"70":{"start":{"line":91,"column":20},"end":{"line":91,"column":34}},"71":{"start":{"line":94,"column":12},"end":{"line":94,"column":28}},"72":{"start":{"line":97,"column":12},"end":{"line":97,"column":38}},"73":{"start":{"line":100,"column":4},"end":{"line":102,"column":6}},"74":{"start":{"line":101,"column":8},"end":{"line":101,"column":55}},"75":{"start":{"line":103,"column":4},"end":{"line":107,"column":6}},"76":{"start":{"line":104,"column":8},"end":{"line":104,"column":37}},"77":{"start":{"line":105,"column":8},"end":{"line":105,"column":47}},"78":{"start":{"line":106,"column":8},"end":{"line":106,"column":101}},"79":{"start":{"line":106,"column":66},"end":{"line":106,"column":97}},"80":{"start":{"line":108,"column":4},"end":{"line":132,"column":6}},"81":{"start":{"line":109,"column":8},"end":{"line":111,"column":9}},"82":{"start":{"line":110,"column":12},"end":{"line":110,"column":24}},"83":{"start":{"line":112,"column":8},"end":{"line":112,"column":19}},"84":{"start":{"line":113,"column":8},"end":{"line":130,"column":9}},"85":{"start":{"line":114,"column":12},"end":{"line":114,"column":26}},"86":{"start":{"line":116,"column":13},"end":{"line":130,"column":9}},"87":{"start":{"line":117,"column":12},"end":{"line":117,"column":26}},"88":{"start":{"line":118,"column":12},"end":{"line":126,"column":15}},"89":{"start":{"line":119,"column":16},"end":{"line":125,"column":17}},"90":{"start":{"line":121,"column":20},"end":{"line":121,"column":45}},"91":{"start":{"line":124,"column":20},"end":{"line":124,"column":32}},"92":{"start":{"line":129,"column":12},"end":{"line":129,"column":38}},"93":{"start":{"line":131,"column":8},"end":{"line":131,"column":71}},"94":{"start":{"line":133,"column":4},"end":{"line":136,"column":57}},"95":{"start":{"line":137,"column":4},"end":{"line":140,"column":58}},"96":{"start":{"line":141,"column":4},"end":{"line":144,"column":63}},"97":{"start":{"line":145,"column":4},"end":{"line":148,"column":69}},"98":{"start":{"line":149,"column":4},"end":{"line":158,"column":30}},"99":{"start":{"line":159,"column":4},"end":{"line":159,"column":33}},"100":{"start":{"line":161,"column":0},"end":{"line":161,"column":54}},"101":{"start":{"line":162,"column":0},"end":{"line":301,"column":5}},"102":{"start":{"line":163,"column":4},"end":{"line":204,"column":5}},"103":{"start":{"line":164,"column":8},"end":{"line":164,"column":25}},"104":{"start":{"line":165,"column":8},"end":{"line":165,"column":33}},"105":{"start":{"line":166,"column":8},"end":{"line":166,"column":49}},"106":{"start":{"line":167,"column":8},"end":{"line":167,"column":55}},"107":{"start":{"line":168,"column":8},"end":{"line":168,"column":59}},"108":{"start":{"line":169,"column":8},"end":{"line":169,"column":53}},"109":{"start":{"line":170,"column":8},"end":{"line":181,"column":10}},"110":{"start":{"line":171,"column":12},"end":{"line":173,"column":13}},"111":{"start":{"line":172,"column":16},"end":{"line":172,"column":23}},"112":{"start":{"line":174,"column":12},"end":{"line":177,"column":13}},"113":{"start":{"line":175,"column":16},"end":{"line":175,"column":45}},"114":{"start":{"line":176,"column":16},"end":{"line":176,"column":47}},"115":{"start":{"line":178,"column":12},"end":{"line":180,"column":13}},"116":{"start":{"line":179,"column":16},"end":{"line":179,"column":64}},"117":{"start":{"line":182,"column":8},"end":{"line":190,"column":10}},"118":{"start":{"line":183,"column":12},"end":{"line":183,"column":43}},"119":{"start":{"line":184,"column":12},"end":{"line":186,"column":13}},"120":{"start":{"line":185,"column":16},"end":{"line":185,"column":46}},"121":{"start":{"line":187,"column":12},"end":{"line":187,"column":56}},"122":{"start":{"line":188,"column":12},"end":{"line":188,"column":39}},"123":{"start":{"line":189,"column":12},"end":{"line":189,"column":46}},"124":{"start":{"line":191,"column":8},"end":{"line":202,"column":10}},"125":{"start":{"line":192,"column":12},"end":{"line":192,"column":56}},"126":{"start":{"line":193,"column":12},"end":{"line":193,"column":38}},"127":{"start":{"line":194,"column":12},"end":{"line":196,"column":13}},"128":{"start":{"line":195,"column":16},"end":{"line":195,"column":46}},"129":{"start":{"line":197,"column":12},"end":{"line":197,"column":41}},"130":{"start":{"line":198,"column":12},"end":{"line":200,"column":13}},"131":{"start":{"line":199,"column":16},"end":{"line":199,"column":52}},"132":{"start":{"line":201,"column":12},"end":{"line":201,"column":37}},"133":{"start":{"line":203,"column":8},"end":{"line":203,"column":71}},"134":{"start":{"line":205,"column":4},"end":{"line":207,"column":6}},"135":{"start":{"line":206,"column":8},"end":{"line":206,"column":25}},"136":{"start":{"line":208,"column":4},"end":{"line":214,"column":6}},"137":{"start":{"line":209,"column":8},"end":{"line":212,"column":9}},"138":{"start":{"line":210,"column":12},"end":{"line":210,"column":65}},"139":{"start":{"line":211,"column":12},"end":{"line":211,"column":71}},"140":{"start":{"line":213,"column":8},"end":{"line":213,"column":69}},"141":{"start":{"line":215,"column":4},"end":{"line":221,"column":6}},"142":{"start":{"line":216,"column":8},"end":{"line":220,"column":9}},"143":{"start":{"line":217,"column":12},"end":{"line":217,"column":55}},"144":{"start":{"line":218,"column":12},"end":{"line":218,"column":60}},"145":{"start":{"line":219,"column":12},"end":{"line":219,"column":51}},"146":{"start":{"line":222,"column":4},"end":{"line":225,"column":6}},"147":{"start":{"line":223,"column":8},"end":{"line":223,"column":32}},"148":{"start":{"line":224,"column":8},"end":{"line":224,"column":34}},"149":{"start":{"line":226,"column":4},"end":{"line":233,"column":6}},"150":{"start":{"line":227,"column":8},"end":{"line":227,"column":52}},"151":{"start":{"line":228,"column":8},"end":{"line":228,"column":47}},"152":{"start":{"line":229,"column":8},"end":{"line":229,"column":44}},"153":{"start":{"line":230,"column":8},"end":{"line":230,"column":91}},"154":{"start":{"line":231,"column":8},"end":{"line":231,"column":46}},"155":{"start":{"line":232,"column":8},"end":{"line":232,"column":66}},"156":{"start":{"line":234,"column":4},"end":{"line":262,"column":6}},"157":{"start":{"line":235,"column":8},"end":{"line":235,"column":83}},"158":{"start":{"line":236,"column":8},"end":{"line":236,"column":75}},"159":{"start":{"line":237,"column":8},"end":{"line":237,"column":51}},"160":{"start":{"line":238,"column":8},"end":{"line":238,"column":39}},"161":{"start":{"line":239,"column":8},"end":{"line":239,"column":37}},"162":{"start":{"line":240,"column":8},"end":{"line":240,"column":55}},"163":{"start":{"line":241,"column":8},"end":{"line":241,"column":67}},"164":{"start":{"line":242,"column":8},"end":{"line":242,"column":76}},"165":{"start":{"line":243,"column":8},"end":{"line":243,"column":56}},"166":{"start":{"line":244,"column":8},"end":{"line":244,"column":45}},"167":{"start":{"line":245,"column":8},"end":{"line":248,"column":9}},"168":{"start":{"line":246,"column":12},"end":{"line":246,"column":72}},"169":{"start":{"line":247,"column":12},"end":{"line":247,"column":114}},"170":{"start":{"line":249,"column":8},"end":{"line":249,"column":50}},"171":{"start":{"line":250,"column":8},"end":{"line":250,"column":54}},"172":{"start":{"line":251,"column":8},"end":{"line":251,"column":45}},"173":{"start":{"line":252,"column":8},"end":{"line":261,"column":9}},"174":{"start":{"line":253,"column":12},"end":{"line":253,"column":64}},"175":{"start":{"line":254,"column":12},"end":{"line":254,"column":55}},"176":{"start":{"line":255,"column":12},"end":{"line":255,"column":44}},"177":{"start":{"line":256,"column":12},"end":{"line":256,"column":40}},"178":{"start":{"line":257,"column":12},"end":{"line":257,"column":31}},"179":{"start":{"line":258,"column":12},"end":{"line":258,"column":28}},"180":{"start":{"line":259,"column":12},"end":{"line":259,"column":29}},"181":{"start":{"line":260,"column":12},"end":{"line":260,"column":43}},"182":{"start":{"line":263,"column":4},"end":{"line":266,"column":58}},"183":{"start":{"line":267,"column":4},"end":{"line":270,"column":57}},"184":{"start":{"line":271,"column":4},"end":{"line":274,"column":59}},"185":{"start":{"line":275,"column":4},"end":{"line":278,"column":65}},"186":{"start":{"line":279,"column":4},"end":{"line":282,"column":69}},"187":{"start":{"line":283,"column":4},"end":{"line":286,"column":63}},"188":{"start":{"line":287,"column":4},"end":{"line":293,"column":66}},"189":{"start":{"line":294,"column":4},"end":{"line":299,"column":30}},"190":{"start":{"line":300,"column":4},"end":{"line":300,"column":33}},"191":{"start":{"line":302,"column":0},"end":{"line":302,"column":54}},"192":{"start":{"line":303,"column":0},"end":{"line":321,"column":5}},"193":{"start":{"line":304,"column":4},"end":{"line":305,"column":5}},"194":{"start":{"line":306,"column":4},"end":{"line":310,"column":6}},"195":{"start":{"line":307,"column":8},"end":{"line":309,"column":10}},"196":{"start":{"line":311,"column":4},"end":{"line":319,"column":27}},"197":{"start":{"line":320,"column":4},"end":{"line":320,"column":30}},"198":{"start":{"line":322,"column":0},"end":{"line":322,"column":48}}},"branchMap":{"1":{"line":2,"type":"binary-expr","locations":[{"start":{"line":2,"column":18},"end":{"line":2,"column":22}},{"start":{"line":2,"column":26},"end":{"line":2,"column":41}},{"start":{"line":2,"column":46},"end":{"line":7,"column":1}}]},"2":{"line":3,"type":"cond-expr","locations":[{"start":{"line":3,"column":42},"end":{"line":3,"column":48}},{"start":{"line":3,"column":51},"end":{"line":3,"column":125}}]},"3":{"line":3,"type":"cond-expr","locations":[{"start":{"line":3,"column":67},"end":{"line":3,"column":118}},{"start":{"line":3,"column":121},"end":{"line":3,"column":125}}]},"4":{"line":4,"type":"if","locations":[{"start":{"line":4,"column":4},"end":{"line":4,"column":4}},{"start":{"line":4,"column":4},"end":{"line":4,"column":4}}]},"5":{"line":4,"type":"binary-expr","locations":[{"start":{"line":4,"column":8},"end":{"line":4,"column":35}},{"start":{"line":4,"column":39},"end":{"line":4,"column":77}}]},"6":{"line":5,"type":"if","locations":[{"start":{"line":5,"column":58},"end":{"line":5,"column":58}},{"start":{"line":5,"column":58},"end":{"line":5,"column":58}}]},"7":{"line":5,"type":"binary-expr","locations":[{"start":{"line":5,"column":86},"end":{"line":5,"column":143}},{"start":{"line":5,"column":148},"end":{"line":5,"column":149}}]},"8":{"line":5,"type":"cond-expr","locations":[{"start":{"line":5,"column":94},"end":{"line":5,"column":98}},{"start":{"line":5,"column":101},"end":{"line":5,"column":143}}]},"9":{"line":5,"type":"cond-expr","locations":[{"start":{"line":5,"column":109},"end":{"line":5,"column":126}},{"start":{"line":5,"column":129},"end":{"line":5,"column":143}}]},"10":{"line":6,"type":"binary-expr","locations":[{"start":{"line":6,"column":11},"end":{"line":6,"column":16}},{"start":{"line":6,"column":20},"end":{"line":6,"column":21}},{"start":{"line":6,"column":25},"end":{"line":6,"column":62}}]},"11":{"line":8,"type":"binary-expr","locations":[{"start":{"line":8,"column":18},"end":{"line":8,"column":22}},{"start":{"line":8,"column":26},"end":{"line":8,"column":41}},{"start":{"line":8,"column":46},"end":{"line":10,"column":1}}]},"12":{"line":9,"type":"if","locations":[{"start":{"line":9,"column":4},"end":{"line":9,"column":4}},{"start":{"line":9,"column":4},"end":{"line":9,"column":4}}]},"13":{"line":9,"type":"binary-expr","locations":[{"start":{"line":9,"column":8},"end":{"line":9,"column":35}},{"start":{"line":9,"column":39},"end":{"line":9,"column":77}}]},"14":{"line":26,"type":"if","locations":[{"start":{"line":26,"column":8},"end":{"line":26,"column":8}},{"start":{"line":26,"column":8},"end":{"line":26,"column":8}}]},"15":{"line":27,"type":"if","locations":[{"start":{"line":27,"column":12},"end":{"line":27,"column":12}},{"start":{"line":27,"column":12},"end":{"line":27,"column":12}}]},"16":{"line":30,"type":"if","locations":[{"start":{"line":30,"column":12},"end":{"line":30,"column":12}},{"start":{"line":30,"column":12},"end":{"line":30,"column":12}}]},"17":{"line":42,"type":"switch","locations":[{"start":{"line":43,"column":12},"end":{"line":45,"column":22}},{"start":{"line":46,"column":12},"end":{"line":48,"column":22}},{"start":{"line":49,"column":12},"end":{"line":51,"column":22}},{"start":{"line":52,"column":12},"end":{"line":57,"column":22}},{"start":{"line":58,"column":12},"end":{"line":61,"column":22}}]},"18":{"line":53,"type":"if","locations":[{"start":{"line":53,"column":16},"end":{"line":53,"column":16}},{"start":{"line":53,"column":16},"end":{"line":53,"column":16}}]},"19":{"line":72,"type":"if","locations":[{"start":{"line":72,"column":8},"end":{"line":72,"column":8}},{"start":{"line":72,"column":8},"end":{"line":72,"column":8}}]},"20":{"line":80,"type":"if","locations":[{"start":{"line":80,"column":8},"end":{"line":80,"column":8}},{"start":{"line":80,"column":8},"end":{"line":80,"column":8}}]},"21":{"line":83,"type":"if","locations":[{"start":{"line":83,"column":8},"end":{"line":83,"column":8}},{"start":{"line":83,"column":8},"end":{"line":83,"column":8}}]},"22":{"line":86,"type":"if","locations":[{"start":{"line":86,"column":16},"end":{"line":86,"column":16}},{"start":{"line":86,"column":16},"end":{"line":86,"column":16}}]},"23":{"line":86,"type":"binary-expr","locations":[{"start":{"line":86,"column":20},"end":{"line":86,"column":37}},{"start":{"line":86,"column":41},"end":{"line":86,"column":63}},{"start":{"line":87,"column":23},"end":{"line":87,"column":49}},{"start":{"line":87,"column":53},"end":{"line":87,"column":84}}]},"24":{"line":97,"type":"binary-expr","locations":[{"start":{"line":97,"column":19},"end":{"line":97,"column":31}},{"start":{"line":97,"column":35},"end":{"line":97,"column":37}}]},"25":{"line":101,"type":"binary-expr","locations":[{"start":{"line":101,"column":15},"end":{"line":101,"column":30}},{"start":{"line":101,"column":34},"end":{"line":101,"column":54}}]},"26":{"line":109,"type":"if","locations":[{"start":{"line":109,"column":8},"end":{"line":109,"column":8}},{"start":{"line":109,"column":8},"end":{"line":109,"column":8}}]},"27":{"line":109,"type":"binary-expr","locations":[{"start":{"line":109,"column":12},"end":{"line":109,"column":27}},{"start":{"line":109,"column":31},"end":{"line":109,"column":51}},{"start":{"line":109,"column":55},"end":{"line":109,"column":74}}]},"28":{"line":113,"type":"if","locations":[{"start":{"line":113,"column":8},"end":{"line":113,"column":8}},{"start":{"line":113,"column":8},"end":{"line":113,"column":8}}]},"29":{"line":116,"type":"if","locations":[{"start":{"line":116,"column":13},"end":{"line":116,"column":13}},{"start":{"line":116,"column":13},"end":{"line":116,"column":13}}]},"30":{"line":119,"type":"if","locations":[{"start":{"line":119,"column":16},"end":{"line":119,"column":16}},{"start":{"line":119,"column":16},"end":{"line":119,"column":16}}]},"31":{"line":119,"type":"binary-expr","locations":[{"start":{"line":119,"column":20},"end":{"line":119,"column":35}},{"start":{"line":119,"column":39},"end":{"line":119,"column":59}},{"start":{"line":120,"column":23},"end":{"line":120,"column":47}},{"start":{"line":120,"column":51},"end":{"line":120,"column":80}}]},"32":{"line":129,"type":"binary-expr","locations":[{"start":{"line":129,"column":21},"end":{"line":129,"column":31}},{"start":{"line":129,"column":35},"end":{"line":129,"column":37}}]},"33":{"line":171,"type":"if","locations":[{"start":{"line":171,"column":12},"end":{"line":171,"column":12}},{"start":{"line":171,"column":12},"end":{"line":171,"column":12}}]},"34":{"line":174,"type":"if","locations":[{"start":{"line":174,"column":12},"end":{"line":174,"column":12}},{"start":{"line":174,"column":12},"end":{"line":174,"column":12}}]},"35":{"line":174,"type":"binary-expr","locations":[{"start":{"line":174,"column":16},"end":{"line":174,"column":22}},{"start":{"line":174,"column":27},"end":{"line":174,"column":61}},{"start":{"line":174,"column":65},"end":{"line":174,"column":87}}]},"36":{"line":178,"type":"if","locations":[{"start":{"line":178,"column":12},"end":{"line":178,"column":12}},{"start":{"line":178,"column":12},"end":{"line":178,"column":12}}]},"37":{"line":184,"type":"if","locations":[{"start":{"line":184,"column":12},"end":{"line":184,"column":12}},{"start":{"line":184,"column":12},"end":{"line":184,"column":12}}]},"38":{"line":194,"type":"if","locations":[{"start":{"line":194,"column":12},"end":{"line":194,"column":12}},{"start":{"line":194,"column":12},"end":{"line":194,"column":12}}]},"39":{"line":198,"type":"if","locations":[{"start":{"line":198,"column":12},"end":{"line":198,"column":12}},{"start":{"line":198,"column":12},"end":{"line":198,"column":12}}]},"40":{"line":209,"type":"if","locations":[{"start":{"line":209,"column":8},"end":{"line":209,"column":8}},{"start":{"line":209,"column":8},"end":{"line":209,"column":8}}]},"41":{"line":216,"type":"if","locations":[{"start":{"line":216,"column":8},"end":{"line":216,"column":8}},{"start":{"line":216,"column":8},"end":{"line":216,"column":8}}]},"42":{"line":216,"type":"binary-expr","locations":[{"start":{"line":216,"column":12},"end":{"line":216,"column":28}},{"start":{"line":216,"column":32},"end":{"line":216,"column":49}}]},"43":{"line":245,"type":"if","locations":[{"start":{"line":245,"column":8},"end":{"line":245,"column":8}},{"start":{"line":245,"column":8},"end":{"line":245,"column":8}}]},"44":{"line":245,"type":"binary-expr","locations":[{"start":{"line":245,"column":12},"end":{"line":245,"column":48}},{"start":{"line":245,"column":52},"end":{"line":245,"column":76}}]},"45":{"line":252,"type":"if","locations":[{"start":{"line":252,"column":8},"end":{"line":252,"column":8}},{"start":{"line":252,"column":8},"end":{"line":252,"column":8}}]}},"l":{"2":1,"3":14,"4":14,"5":31,"6":14,"8":1,"9":16,"11":1,"12":1,"13":1,"14":1,"15":1,"16":0,"17":0,"18":0,"19":0,"20":0,"21":0,"23":1,"24":0,"25":0,"26":0,"27":0,"28":0,"30":0,"31":0,"34":0,"35":0,"37":1,"38":0,"40":1,"41":0,"42":0,"44":0,"45":0,"47":0,"48":0,"50":0,"51":0,"53":0,"54":0,"56":0,"57":0,"59":0,"60":0,"61":0,"64":1,"65":0,"66":0,"67":0,"69":1,"70":0,"71":0,"72":0,"73":0,"74":0,"76":0,"79":1,"80":0,"81":0,"83":0,"84":0,"85":0,"86":0,"88":0,"91":0,"94":0,"97":0,"100":1,"101":0,"103":1,"104":0,"105":0,"106":0,"108":1,"109":0,"110":0,"112":0,"113":0,"114":0,"116":0,"117":0,"118":0,"119":0,"121":0,"124":0,"129":0,"131":0,"133":1,"137":1,"141":1,"145":1,"149":1,"159":1,"161":1,"162":1,"163":1,"164":9,"165":9,"166":9,"167":9,"168":9,"169":9,"170":9,"171":0,"172":0,"174":0,"175":0,"176":0,"178":0,"179":0,"182":9,"183":0,"184":0,"185":0,"187":0,"188":0,"189":0,"191":9,"192":0,"193":0,"194":0,"195":0,"197":0,"198":0,"199":0,"201":0,"203":9,"205":1,"206":9,"208":1,"209":6,"210":0,"211":0,"213":6,"215":1,"216":9,"217":0,"218":0,"219":0,"222":1,"223":0,"224":0,"226":1,"227":9,"228":9,"229":9,"230":9,"231":9,"232":9,"234":1,"235":0,"236":0,"237":0,"238":0,"239":0,"240":0,"241":0,"242":0,"243":0,"244":0,"245":0,"246":0,"247":0,"249":0,"250":0,"251":0,"252":0,"253":0,"254":0,"255":0,"256":0,"257":0,"258":0,"259":0,"260":0,"263":1,"267":1,"271":1,"275":1,"279":1,"283":1,"287":1,"294":1,"300":1,"302":1,"303":1,"304":1,"306":1,"307":3,"311":1,"320":1,"322":1}},
"/home/yl/workspace/ng2-input-autocomplete/dist/dev/app/app.component.js":{"path":"/home/yl/workspace/ng2-input-autocomplete/dist/dev/app/app.component.js","s":{"1":1,"2":1,"3":1,"4":0,"5":1,"6":2,"7":2,"8":1,"9":1,"10":1,"11":1,"12":1,"13":1,"14":1,"15":1,"16":1,"17":0,"18":1,"19":1,"20":1},"b":{"1":[1,1,1],"2":[1,0],"3":[0,0],"4":[0,1],"5":[1,1],"6":[2,0],"7":[2,1],"8":[2,0],"9":[0,0],"10":[1,0,0],"11":[1,1,1],"12":[1,0],"13":[1,1]},"f":{"1":1,"2":1,"3":1,"4":0},"fnMap":{"1":{"name":"(anonymous_1)","line":2,"loc":{"start":{"line":2,"column":46},"end":{"line":2,"column":87}}},"2":{"name":"(anonymous_2)","line":8,"loc":{"start":{"line":8,"column":46},"end":{"line":8,"column":62}}},"3":{"name":"(anonymous_3)","line":14,"loc":{"start":{"line":14,"column":20},"end":{"line":14,"column":32}}},"4":{"name":"AppComponent","line":15,"loc":{"start":{"line":15,"column":4},"end":{"line":15,"column":28}}}},"statementMap":{"1":{"start":{"line":2,"column":0},"end":{"line":7,"column":2}},"2":{"start":{"line":3,"column":4},"end":{"line":3,"column":129}},"3":{"start":{"line":4,"column":4},"end":{"line":5,"column":150}},"4":{"start":{"line":4,"column":79},"end":{"line":4,"column":131}},"5":{"start":{"line":5,"column":9},"end":{"line":5,"column":150}},"6":{"start":{"line":5,"column":58},"end":{"line":5,"column":150}},"7":{"start":{"line":5,"column":81},"end":{"line":5,"column":150}},"8":{"start":{"line":6,"column":4},"end":{"line":6,"column":66}},"9":{"start":{"line":8,"column":0},"end":{"line":10,"column":2}},"10":{"start":{"line":9,"column":4},"end":{"line":9,"column":109}},"11":{"start":{"line":9,"column":79},"end":{"line":9,"column":109}},"12":{"start":{"line":11,"column":0},"end":{"line":11,"column":38}},"13":{"start":{"line":12,"column":0},"end":{"line":12,"column":57}},"14":{"start":{"line":13,"column":0},"end":{"line":13,"column":23}},"15":{"start":{"line":14,"column":0},"end":{"line":27,"column":5}},"16":{"start":{"line":15,"column":4},"end":{"line":17,"column":5}},"17":{"start":{"line":16,"column":8},"end":{"line":16,"column":63}},"18":{"start":{"line":18,"column":4},"end":{"line":25,"column":21}},"19":{"start":{"line":26,"column":4},"end":{"line":26,"column":24}},"20":{"start":{"line":28,"column":0},"end":{"line":28,"column":36}}},"branchMap":{"1":{"line":2,"type":"binary-expr","locations":[{"start":{"line":2,"column":18},"end":{"line":2,"column":22}},{"start":{"line":2,"column":26},"end":{"line":2,"column":41}},{"start":{"line":2,"column":46},"end":{"line":7,"column":1}}]},"2":{"line":3,"type":"cond-expr","locations":[{"start":{"line":3,"column":42},"end":{"line":3,"column":48}},{"start":{"line":3,"column":51},"end":{"line":3,"column":125}}]},"3":{"line":3,"type":"cond-expr","locations":[{"start":{"line":3,"column":67},"end":{"line":3,"column":118}},{"start":{"line":3,"column":121},"end":{"line":3,"column":125}}]},"4":{"line":4,"type":"if","locations":[{"start":{"line":4,"column":4},"end":{"line":4,"column":4}},{"start":{"line":4,"column":4},"end":{"line":4,"column":4}}]},"5":{"line":4,"type":"binary-expr","locations":[{"start":{"line":4,"column":8},"end":{"line":4,"column":35}},{"start":{"line":4,"column":39},"end":{"line":4,"column":77}}]},"6":{"line":5,"type":"if","locations":[{"start":{"line":5,"column":58},"end":{"line":5,"column":58}},{"start":{"line":5,"column":58},"end":{"line":5,"column":58}}]},"7":{"line":5,"type":"binary-expr","locations":[{"start":{"line":5,"column":86},"end":{"line":5,"column":143}},{"start":{"line":5,"column":148},"end":{"line":5,"column":149}}]},"8":{"line":5,"type":"cond-expr","locations":[{"start":{"line":5,"column":94},"end":{"line":5,"column":98}},{"start":{"line":5,"column":101},"end":{"line":5,"column":143}}]},"9":{"line":5,"type":"cond-expr","locations":[{"start":{"line":5,"column":109},"end":{"line":5,"column":126}},{"start":{"line":5,"column":129},"end":{"line":5,"column":143}}]},"10":{"line":6,"type":"binary-expr","locations":[{"start":{"line":6,"column":11},"end":{"line":6,"column":16}},{"start":{"line":6,"column":20},"end":{"line":6,"column":21}},{"start":{"line":6,"column":25},"end":{"line":6,"column":62}}]},"11":{"line":8,"type":"binary-expr","locations":[{"start":{"line":8,"column":18},"end":{"line":8,"column":22}},{"start":{"line":8,"column":26},"end":{"line":8,"column":41}},{"start":{"line":8,"column":46},"end":{"line":10,"column":1}}]},"12":{"line":9,"type":"if","locations":[{"start":{"line":9,"column":4},"end":{"line":9,"column":4}},{"start":{"line":9,"column":4},"end":{"line":9,"column":4}}]},"13":{"line":9,"type":"binary-expr","locations":[{"start":{"line":9,"column":8},"end":{"line":9,"column":35}},{"start":{"line":9,"column":39},"end":{"line":9,"column":77}}]}},"l":{"2":1,"3":1,"4":1,"5":2,"6":1,"8":1,"9":1,"11":1,"12":1,"13":1,"14":1,"15":1,"16":0,"18":1,"26":1,"28":1}},
"/home/yl/workspace/ng2-input-autocomplete/dist/dev/app/shared/config/env.config.js":{"path":"/home/yl/workspace/ng2-input-autocomplete/dist/dev/app/shared/config/env.config.js","s":{"1":1},"b":{},"f":{},"fnMap":{},"statementMap":{"1":{"start":{"line":2,"column":0},"end":{"line":2,"column":70}}},"branchMap":{},"l":{"2":1}},
"/home/yl/workspace/ng2-input-autocomplete/dist/dev/app/operators.js":{"path":"/home/yl/workspace/ng2-input-autocomplete/dist/dev/app/operators.js","s":{"1":1,"2":1,"3":1},"b":{},"f":{},"fnMap":{},"statementMap":{"1":{"start":{"line":2,"column":0},"end":{"line":2,"column":37}},"2":{"start":{"line":3,"column":0},"end":{"line":3,"column":33}},"3":{"start":{"line":4,"column":0},"end":{"line":4,"column":35}}},"branchMap":{},"l":{"2":1,"3":1,"4":1}}}
